c:\users\mengyu\documents\visual studio 2015\projects\copyallpartsofobject\copyallpartsofobject\debug\vc140.pdb
c:\users\mengyu\documents\visual studio 2015\projects\copyallpartsofobject\copyallpartsofobject\debug\vc140.idb
c:\users\mengyu\documents\visual studio 2015\projects\copyallpartsofobject\copyallpartsofobject\debug\cube.obj
c:\users\mengyu\documents\visual studio 2015\projects\copyallpartsofobject\copyallpartsofobject\debug\main.obj
c:\users\mengyu\documents\visual studio 2015\projects\copyallpartsofobject\copyallpartsofobject\debug\square.obj
c:\users\mengyu\documents\visual studio 2015\projects\copyallpartsofobject\debug\copyallpartsofobject.ilk
c:\users\mengyu\documents\visual studio 2015\projects\copyallpartsofobject\debug\copyallpartsofobject.exe
c:\users\mengyu\documents\visual studio 2015\projects\copyallpartsofobject\debug\copyallpartsofobject.pdb
c:\users\mengyu\documents\visual studio 2015\projects\unittest2\debug\copyallpartsofobject.ilk
c:\users\mengyu\documents\visual studio 2015\projects\unittest2\debug\copyallpartsofobject.exe
c:\users\mengyu\documents\visual studio 2015\projects\unittest2\debug\copyallpartsofobject.pdb
c:\users\mengyu\documents\visual studio 2015\projects\copyallpartsofobject\copyallpartsofobject\debug\copyallpartsofobject.res
c:\users\mengyu\documents\visual studio 2015\projects\copyallpartsofobject\copyallpartsofobject\debug\copyallp.b38efc8f.tlog\cl.command.1.tlog
c:\users\mengyu\documents\visual studio 2015\projects\copyallpartsofobject\copyallpartsofobject\debug\copyallp.b38efc8f.tlog\cl.read.1.tlog
c:\users\mengyu\documents\visual studio 2015\projects\copyallpartsofobject\copyallpartsofobject\debug\copyallp.b38efc8f.tlog\cl.write.1.tlog
c:\users\mengyu\documents\visual studio 2015\projects\copyallpartsofobject\copyallpartsofobject\debug\copyallp.b38efc8f.tlog\link.command.1.tlog
c:\users\mengyu\documents\visual studio 2015\projects\copyallpartsofobject\copyallpartsofobject\debug\copyallp.b38efc8f.tlog\link.read.1.tlog
c:\users\mengyu\documents\visual studio 2015\projects\copyallpartsofobject\copyallpartsofobject\debug\copyallp.b38efc8f.tlog\link.write.1.tlog
c:\users\mengyu\documents\visual studio 2015\projects\copyallpartsofobject\copyallpartsofobject\debug\copyallp.b38efc8f.tlog\rc.command.1.tlog
c:\users\mengyu\documents\visual studio 2015\projects\copyallpartsofobject\copyallpartsofobject\debug\copyallp.b38efc8f.tlog\rc.read.1.tlog
c:\users\mengyu\documents\visual studio 2015\projects\copyallpartsofobject\copyallpartsofobject\debug\copyallp.b38efc8f.tlog\rc.write.1.tlog
